<?xml version="1.0" encoding="UTF-8"?>
<!-- Generated by org.testng.reporters.JUnitReportReporter -->
<testsuite hostname="Dimenions" failures="0" tests="5" name="TestsDNS" time="153.166" errors="0" timestamp="2020-12-25T19:08:07 GMT+04:00" skipped="0">
  <testcase classname="TestsDNS" name="CartTesting" time="79.829"/>
  <system-out/>
  <testcase classname="TestsDNS" name="AuthTest" time="12.245"/>
  <system-out/>
  <testcase classname="TestsDNS" name="CityChangeTest" time="19.334"/>
  <system-out/>
  <testcase classname="TestsDNS" name="CityChangeTest" time="23.056"/>
  <system-out/>
  <testcase classname="TestsDNS" name="CityChangeTest" time="18.702"/>
  <system-out/>
</testsuite> <!-- TestsDNS -->
