<?xml version="1.0" encoding="UTF-8"?>
<!-- Generated by org.testng.reporters.JUnitReportReporter -->
<testsuite hostname="Dimenions" failures="0" tests="5" name="TestsDNS" time="181.590" errors="0" timestamp="2020-11-07T15:26:20 GMT+04:00" skipped="0">
  <testcase classname="TestsDNS" name="CityChangeTest" time="25.698"/>
  <system-out/>
  <testcase classname="TestsDNS" name="CityChangeTest" time="28.154"/>
  <system-out/>
  <testcase classname="TestsDNS" name="AuthTest" time="14.166"/>
  <system-out/>
  <testcase classname="TestsDNS" name="CityChangeTest" time="28.195"/>
  <system-out/>
  <testcase classname="TestsDNS" name="CartTesting" time="85.377"/>
  <system-out/>
</testsuite> <!-- TestsDNS -->
